<?xml version="1.0" encoding="UTF-8"?>
<testng-results ignored="0" total="1" passed="1" failed="0" skipped="0">
  <reporter-output>
  </reporter-output>
  <suite started-at="2024-09-29T17:52:02 GMT-07:00" name="Default suite" finished-at="2024-09-29T17:52:08 GMT-07:00" duration-ms="5296">
    <groups>
    </groups>
    <test started-at="2024-09-29T17:52:02 GMT-07:00" name="Default test" finished-at="2024-09-29T17:52:08 GMT-07:00" duration-ms="5296">
      <class name="com.qa.opencart.tests.AccountPageTest">
        <test-method is-config="true" signature="setUp()[pri:0, instance:com.qa.opencart.tests.AccountPageTest@3ba987b8]" started-at="2024-09-29T17:52:02 GMT-07:00" name="setUp" finished-at="2024-09-29T17:52:06 GMT-07:00" duration-ms="3798" status="PASS">
          <reporter-output>
          </reporter-output>
        </test-method> <!-- setUp -->
        <test-method is-config="true" signature="accSetUp()[pri:0, instance:com.qa.opencart.tests.AccountPageTest@3ba987b8]" started-at="2024-09-29T17:52:06 GMT-07:00" name="accSetUp" finished-at="2024-09-29T17:52:07 GMT-07:00" duration-ms="1110" status="PASS">
          <reporter-output>
          </reporter-output>
        </test-method> <!-- accSetUp -->
        <test-method signature="getAcountPageTitleTest()[pri:0, instance:com.qa.opencart.tests.AccountPageTest@3ba987b8]" started-at="2024-09-29T17:52:07 GMT-07:00" name="getAcountPageTitleTest" finished-at="2024-09-29T17:52:07 GMT-07:00" duration-ms="27" status="PASS">
          <reporter-output>
          </reporter-output>
        </test-method> <!-- getAcountPageTitleTest -->
        <test-method is-config="true" signature="tearDown()[pri:0, instance:com.qa.opencart.tests.AccountPageTest@3ba987b8]" started-at="2024-09-29T17:52:07 GMT-07:00" name="tearDown" finished-at="2024-09-29T17:52:08 GMT-07:00" duration-ms="323" status="PASS">
          <reporter-output>
          </reporter-output>
        </test-method> <!-- tearDown -->
      </class> <!-- com.qa.opencart.tests.AccountPageTest -->
    </test> <!-- Default test -->
  </suite> <!-- Default suite -->
</testng-results>
